#
# There is insufficient memory for the Java Runtime Environment to continue.
# Native memory allocation (malloc) failed to allocate 1202256 bytes for Chunk::new
# Possible reasons:
#   The system is out of physical RAM or swap space
#   The process is running with CompressedOops enabled, and the Java Heap may be blocking the growth of the native heap
# Possible solutions:
#   Reduce memory load on the system
#   Increase physical memory or swap space
#   Check if swap backing store is full
#   Decrease Java heap size (-Xmx/-Xms)
#   Decrease number of Java threads
#   Decrease Java thread stack sizes (-Xss)
#   Set larger code cache with -XX:ReservedCodeCacheSize=
#   JVM is running with Unscaled Compressed Oops mode in which the Java heap is
#     placed in the first 4GB address space. The Java Heap base address is the
#     maximum limit for the native heap growth. Please use -XX:HeapBaseMinAddress
#     to set the Java Heap base and to place the Java Heap above 4GB virtual address.
# This output file may be truncated or incomplete.
#
#  Out of Memory Error (allocation.cpp:389), pid=19296, tid=0x0000000000000b20
#
# JRE version: Java(TM) SE Runtime Environment (8.0_241-b07) (build 1.8.0_241-b07)
# Java VM: Java HotSpot(TM) 64-Bit Server VM (25.241-b07 mixed mode windows-amd64 compressed oops)
# Failed to write core dump. Minidumps are not enabled by default on client versions of Windows
#

---------------  T H R E A D  ---------------

Current thread (0x0000000019b5b000):  JavaThread "C2 CompilerThread1" daemon [_thread_in_native, id=2848, stack(0x000000001a420000,0x000000001a520000)]

Stack: [0x000000001a420000,0x000000001a520000]
[error occurred during error reporting (printing stack bounds), id 0xc0000005]

Native frames: (J=compiled Java code, j=interpreted, Vv=VM code, C=native code)


Current CompileTask:
C2:   9453 4679       4       lombok.javac.JavacAST::buildStatementOrExpression (104 bytes)


---------------  P R O C E S S  ---------------

Java Threads: ( => current thread )
  0x0000000019c08000 JavaThread "Service Thread" daemon [_thread_blocked, id=13508, stack(0x000000001a720000,0x000000001a820000)]
  0x0000000019bc3000 JavaThread "C1 CompilerThread3" daemon [_thread_blocked, id=13080, stack(0x000000001a620000,0x000000001a720000)]
  0x0000000019bba800 JavaThread "C2 CompilerThread2" daemon [_thread_in_native, id=18944, stack(0x000000001a520000,0x000000001a620000)]
=>0x0000000019b5b000 JavaThread "C2 CompilerThread1" daemon [_thread_in_native, id=2848, stack(0x000000001a420000,0x000000001a520000)]
  0x0000000019b54000 JavaThread "C2 CompilerThread0" daemon [_thread_in_native, id=12580, stack(0x000000001a320000,0x000000001a420000)]
  0x0000000019bb5000 JavaThread "Attach Listener" daemon [_thread_blocked, id=16116, stack(0x000000001a220000,0x000000001a320000)]
  0x0000000019bb3800 JavaThread "Signal Dispatcher" daemon [_thread_blocked, id=10280, stack(0x000000001a120000,0x000000001a220000)]
  0x0000000019b40800 JavaThread "Finalizer" daemon [_thread_blocked, id=13908, stack(0x000000001a020000,0x000000001a120000)]
  0x0000000017d3c800 JavaThread "Reference Handler" daemon [_thread_blocked, id=9816, stack(0x0000000019f20000,0x000000001a020000)]
  0x000000000312e800 JavaThread "main" [_thread_in_native, id=14188, stack(0x0000000003500000,0x0000000003600000)]

Other Threads:
  0x0000000017d39000 VMThread [stack: 0x0000000019a20000,0x0000000019b20000] [id=8996]
  0x0000000019c0e800 WatcherThread [stack: 0x000000001a820000,0x000000001a920000] [id=7420]

VM state:not at safepoint (normal execution)

VM Mutex/Monitor currently owned by a thread: None

heap address: 0x0000000091800000, size: 1768 MB, Compressed Oops mode: 32-bit
Narrow klass base: 0x0000000000000000, Narrow klass shift: 3
Compressed class space size: 1073741824 Address: 0x0000000100000000

Heap:
 PSYoungGen      total 125952K, used 48307K [0x00000000db300000, 0x00000000e3d00000, 0x0000000100000000)
  eden space 113664K, 31% used [0x00000000db300000,0x00000000dd62fc50,0x00000000e2200000)
  from space 12288K, 99% used [0x00000000e2f00000,0x00000000e3afd020,0x00000000e3b00000)
  to   space 13312K, 0% used [0x00000000e2200000,0x00000000e2200000,0x00000000e2f00000)
 ParOldGen       total 76800K, used 31733K [0x0000000091800000, 0x0000000096300000, 0x00000000db300000)
  object space 76800K, 41% used [0x0000000091800000,0x00000000936fd418,0x0000000096300000)
 Metaspace       used 25175K, capacity 25842K, committed 25984K, reserved 1073152K
  class space    used 2926K, capacity 3093K, committed 3200K, reserved 1048576K

Card table byte_map: [0x0000000012ac0000,0x0000000012e40000] byte_map_base: 0x0000000012634000

Marking Bits: (ParMarkBitMap*) 0x000000005c56be30
 Begin Bits: [0x0000000013890000, 0x0000000015430000)
 End Bits:   [0x0000000015430000, 0x0000000016fd0000)

Polling page: 0x0000000001870000

CodeCache: size=245760Kb used=15299Kb max_used=16280Kb free=230460Kb
 bounds [0x0000000003700000, 0x0000000004700000, 0x0000000012700000]
 total_blobs=4766 nmethods=4348 adapters=330
 compilation: enabled

Compilation events (10 events):
Event: 9.438 Thread 0x0000000019bc3000 4927   !   2       lombok.core.FieldAugment$MapFieldAugment::get (25 bytes)
Event: 9.438 Thread 0x0000000019bc3000 nmethod 4927 0x0000000003f3e550 code [0x0000000003f3e6e0, 0x0000000003f3eab8]
Event: 9.438 Thread 0x0000000019bc3000 4928       1       lombok.delombok.FormatPreferences::generateGenerated (5 bytes)
Event: 9.438 Thread 0x0000000019bc3000 nmethod 4928 0x0000000003ecd310 code [0x0000000003ecd460, 0x0000000003ecd570]
Event: 9.438 Thread 0x0000000019bc3000 4929       1       com.sun.tools.javac.tree.JCTree$JCMethodDecl::getModifiers (5 bytes)
Event: 9.438 Thread 0x0000000019bc3000 nmethod 4929 0x0000000003ecd050 code [0x0000000003ecd1a0, 0x0000000003ecd2b0]
Event: 9.440 Thread 0x0000000019bc3000 4930       1       lombok.core.handlers.InclusionExclusionUtils$Included::getInc (5 bytes)
Event: 9.440 Thread 0x0000000019bc3000 nmethod 4930 0x00000000041f7b50 code [0x00000000041f7ca0, 0x00000000041f7db0]
Event: 9.442 Thread 0x0000000019bc3000 4931       2       lombok.javac.JavacNode::getElement (65 bytes)
Event: 9.443 Thread 0x0000000019bc3000 nmethod 4931 0x00000000039ed610 code [0x00000000039ed780, 0x00000000039eda70]

GC Heap History (10 events):
Event: 2.842 GC heap before
{Heap before GC invocations=5 (full 0):
 PSYoungGen      total 61952K, used 61920K [0x00000000db300000, 0x00000000df400000, 0x0000000100000000)
  eden space 57344K, 100% used [0x00000000db300000,0x00000000deb00000,0x00000000deb00000)
  from space 4608K, 99% used [0x00000000def80000,0x00000000df3f8030,0x00000000df400000)
  to   space 4608K, 0% used [0x00000000deb00000,0x00000000deb00000,0x00000000def80000)
 ParOldGen       total 76800K, used 9689K [0x0000000091800000, 0x0000000096300000, 0x00000000db300000)
  object space 76800K, 12% used [0x0000000091800000,0x0000000092176600,0x0000000096300000)
 Metaspace       used 15485K, capacity 15750K, committed 16128K, reserved 1062912K
  class space    used 1859K, capacity 1947K, committed 2048K, reserved 1048576K
Event: 2.854 GC heap after
Heap after GC invocations=5 (full 0):
 PSYoungGen      total 61952K, used 4592K [0x00000000db300000, 0x00000000e3b00000, 0x0000000100000000)
  eden space 57344K, 0% used [0x00000000db300000,0x00000000db300000,0x00000000deb00000)
  from space 4608K, 99% used [0x00000000deb00000,0x00000000def7c020,0x00000000def80000)
  to   space 12288K, 0% used [0x00000000e2f00000,0x00000000e2f00000,0x00000000e3b00000)
 ParOldGen       total 76800K, used 16583K [0x0000000091800000, 0x0000000096300000, 0x00000000db300000)
  object space 76800K, 21% used [0x0000000091800000,0x0000000092831d00,0x0000000096300000)
 Metaspace       used 15485K, capacity 15750K, committed 16128K, reserved 1062912K
  class space    used 1859K, capacity 1947K, committed 2048K, reserved 1048576K
}
Event: 3.505 GC heap before
{Heap before GC invocations=6 (full 0):
 PSYoungGen      total 61952K, used 61936K [0x00000000db300000, 0x00000000e3b00000, 0x0000000100000000)
  eden space 57344K, 100% used [0x00000000db300000,0x00000000deb00000,0x00000000deb00000)
  from space 4608K, 99% used [0x00000000deb00000,0x00000000def7c020,0x00000000def80000)
  to   space 12288K, 0% used [0x00000000e2f00000,0x00000000e2f00000,0x00000000e3b00000)
 ParOldGen       total 76800K, used 16583K [0x0000000091800000, 0x0000000096300000, 0x00000000db300000)
  object space 76800K, 21% used [0x0000000091800000,0x0000000092831d00,0x0000000096300000)
 Metaspace       used 15793K, capacity 16100K, committed 16384K, reserved 1062912K
  class space    used 1867K, capacity 1952K, committed 2048K, reserved 1048576K
Event: 3.516 GC heap after
Heap after GC invocations=6 (full 0):
 PSYoungGen      total 125952K, used 10944K [0x00000000db300000, 0x00000000e3d00000, 0x0000000100000000)
  eden space 113664K, 0% used [0x00000000db300000,0x00000000db300000,0x00000000e2200000)
  from space 12288K, 89% used [0x00000000e2f00000,0x00000000e39b0030,0x00000000e3b00000)
  to   space 13312K, 0% used [0x00000000e2200000,0x00000000e2200000,0x00000000e2f00000)
 ParOldGen       total 76800K, used 16591K [0x0000000091800000, 0x0000000096300000, 0x00000000db300000)
  object space 76800K, 21% used [0x0000000091800000,0x0000000092833d00,0x0000000096300000)
 Metaspace       used 15793K, capacity 16100K, committed 16384K, reserved 1062912K
  class space    used 1867K, capacity 1952K, committed 2048K, reserved 1048576K
}
Event: 5.091 GC heap before
{Heap before GC invocations=7 (full 0):
 PSYoungGen      total 125952K, used 92270K [0x00000000db300000, 0x00000000e3d00000, 0x0000000100000000)
  eden space 113664K, 71% used [0x00000000db300000,0x00000000e026bb08,0x00000000e2200000)
  from space 12288K, 89% used [0x00000000e2f00000,0x00000000e39b0030,0x00000000e3b00000)
  to   space 13312K, 0% used [0x00000000e2200000,0x00000000e2200000,0x00000000e2f00000)
 ParOldGen       total 76800K, used 16591K [0x0000000091800000, 0x0000000096300000, 0x00000000db300000)
  object space 76800K, 21% used [0x0000000091800000,0x0000000092833d00,0x0000000096300000)
 Metaspace       used 20595K, capacity 21082K, committed 21296K, reserved 1069056K
  class space    used 2465K, capacity 2593K, committed 2688K, reserved 1048576K
Event: 5.112 GC heap after
Heap after GC invocations=7 (full 0):
 PSYoungGen      total 126976K, used 13308K [0x00000000db300000, 0x00000000e3d00000, 0x0000000100000000)
  eden space 113664K, 0% used [0x00000000db300000,0x00000000db300000,0x00000000e2200000)
  from space 13312K, 99% used [0x00000000e2200000,0x00000000e2eff0c0,0x00000000e2f00000)
  to   space 12288K, 0% used [0x00000000e2f00000,0x00000000e2f00000,0x00000000e3b00000)
 ParOldGen       total 76800K, used 20116K [0x0000000091800000, 0x0000000096300000, 0x00000000db300000)
  object space 76800K, 26% used [0x0000000091800000,0x0000000092ba5380,0x0000000096300000)
 Metaspace       used 20595K, capacity 21082K, committed 21296K, reserved 1069056K
  class space    used 2465K, capacity 2593K, committed 2688K, reserved 1048576K
}
Event: 5.112 GC heap before
{Heap before GC invocations=8 (full 1):
 PSYoungGen      total 126976K, used 13308K [0x00000000db300000, 0x00000000e3d00000, 0x0000000100000000)
  eden space 113664K, 0% used [0x00000000db300000,0x00000000db300000,0x00000000e2200000)
  from space 13312K, 99% used [0x00000000e2200000,0x00000000e2eff0c0,0x00000000e2f00000)
  to   space 12288K, 0% used [0x00000000e2f00000,0x00000000e2f00000,0x00000000e3b00000)
 ParOldGen       total 76800K, used 20116K [0x0000000091800000, 0x0000000096300000, 0x00000000db300000)
  object space 76800K, 26% used [0x0000000091800000,0x0000000092ba5380,0x0000000096300000)
 Metaspace       used 20595K, capacity 21082K, committed 21296K, reserved 1069056K
  class space    used 2465K, capacity 2593K, committed 2688K, reserved 1048576K
Event: 5.204 GC heap after
Heap after GC invocations=8 (full 1):
 PSYoungGen      total 126976K, used 0K [0x00000000db300000, 0x00000000e3d00000, 0x0000000100000000)
  eden space 113664K, 0% used [0x00000000db300000,0x00000000db300000,0x00000000e2200000)
  from space 13312K, 0% used [0x00000000e2200000,0x00000000e2200000,0x00000000e2f00000)
  to   space 12288K, 0% used [0x00000000e2f00000,0x00000000e2f00000,0x00000000e3b00000)
 ParOldGen       total 76800K, used 25489K [0x0000000091800000, 0x0000000096300000, 0x00000000db300000)
  object space 76800K, 33% used [0x0000000091800000,0x00000000930e46d8,0x0000000096300000)
 Metaspace       used 20595K, capacity 21082K, committed 21296K, reserved 1069056K
  class space    used 2465K, capacity 2593K, committed 2688K, reserved 1048576K
}
Event: 9.103 GC heap before
{Heap before GC invocations=9 (full 1):
 PSYoungGen      total 126976K, used 113664K [0x00000000db300000, 0x00000000e3d00000, 0x0000000100000000)
  eden space 113664K, 100% used [0x00000000db300000,0x00000000e2200000,0x00000000e2200000)
  from space 13312K, 0% used [0x00000000e2200000,0x00000000e2200000,0x00000000e2f00000)
  to   space 12288K, 0% used [0x00000000e2f00000,0x00000000e2f00000,0x00000000e3b00000)
 ParOldGen       total 76800K, used 25489K [0x0000000091800000, 0x0000000096300000, 0x00000000db300000)
  object space 76800K, 33% used [0x0000000091800000,0x00000000930e46d8,0x0000000096300000)
 Metaspace       used 25011K, capacity 25648K, committed 25984K, reserved 1073152K
  class space    used 2916K, capacity 3082K, committed 3200K, reserved 1048576K
Event: 9.121 GC heap after
Heap after GC invocations=9 (full 1):
 PSYoungGen      total 125952K, used 12276K [0x00000000db300000, 0x00000000e3d00000, 0x0000000100000000)
  eden space 113664K, 0% used [0x00000000db300000,0x00000000db300000,0x00000000e2200000)
  from space 12288K, 99% used [0x00000000e2f00000,0x00000000e3afd020,0x00000000e3b00000)
  to   space 13312K, 0% used [0x00000000e2200000,0x00000000e2200000,0x00000000e2f00000)
 ParOldGen       total 76800K, used 31733K [0x0000000091800000, 0x0000000096300000, 0x00000000db300000)
  object space 76800K, 41% used [0x0000000091800000,0x00000000936fd418,0x0000000096300000)
 Metaspace       used 25011K, capacity 25648K, committed 25984K, reserved 1073152K
  class space    used 2916K, capacity 3082K, committed 3200K, reserved 1048576K
}

Deoptimization events (10 events):
Event: 8.807 Thread 0x000000000312e800 Uncommon trap: reason=class_check action=maybe_recompile pc=0x0000000003f92280 method=java.util.Collections$UnmodifiableMap$UnmodifiableEntrySet$UnmodifiableEntry.getValue()Ljava/lang/Object; @ 4
Event: 8.807 Thread 0x000000000312e800 Uncommon trap: reason=class_check action=maybe_recompile pc=0x0000000003f8704c method=java.util.Collections$UnmodifiableMap$UnmodifiableEntrySet$1.hasNext()Z @ 4
Event: 8.807 Thread 0x000000000312e800 Uncommon trap: reason=class_check action=maybe_recompile pc=0x0000000003f86ad0 method=java.util.Collections$UnmodifiableMap$UnmodifiableEntrySet$1.next()Ljava/util/Map$Entry; @ 8
Event: 8.807 Thread 0x000000000312e800 Uncommon trap: reason=class_check action=maybe_recompile pc=0x0000000003f92000 method=java.util.Collections$UnmodifiableMap$UnmodifiableEntrySet$UnmodifiableEntry.getKey()Ljava/lang/Object; @ 4
Event: 8.807 Thread 0x000000000312e800 Uncommon trap: reason=class_check action=maybe_recompile pc=0x0000000003f92280 method=java.util.Collections$UnmodifiableMap$UnmodifiableEntrySet$UnmodifiableEntry.getValue()Ljava/lang/Object; @ 4
Event: 8.807 Thread 0x000000000312e800 Uncommon trap: reason=class_check action=maybe_recompile pc=0x0000000003f8704c method=java.util.Collections$UnmodifiableMap$UnmodifiableEntrySet$1.hasNext()Z @ 4
Event: 8.807 Thread 0x000000000312e800 Uncommon trap: reason=class_check action=maybe_recompile pc=0x0000000003f86ad0 method=java.util.Collections$UnmodifiableMap$UnmodifiableEntrySet$1.next()Ljava/util/Map$Entry; @ 8
Event: 8.807 Thread 0x000000000312e800 Uncommon trap: reason=class_check action=maybe_recompile pc=0x0000000003f92000 method=java.util.Collections$UnmodifiableMap$UnmodifiableEntrySet$UnmodifiableEntry.getKey()Ljava/lang/Object; @ 4
Event: 8.807 Thread 0x000000000312e800 Uncommon trap: reason=class_check action=maybe_recompile pc=0x0000000003f92280 method=java.util.Collections$UnmodifiableMap$UnmodifiableEntrySet$UnmodifiableEntry.getValue()Ljava/lang/Object; @ 4
Event: 9.023 Thread 0x000000000312e800 Uncommon trap: reason=bimorphic action=maybe_recompile pc=0x0000000003d02a90 method=java.util.regex.Pattern$CharProperty.match(Ljava/util/regex/Matcher;ILjava/lang/CharSequence;)Z @ 37

Classes redefined (0 events):
No events

Internal exceptions (10 events):
Event: 9.430 Thread 0x000000000312e800 NullPointerException at vtable entry 0x0000000003ae171f
Event: 9.430 Thread 0x000000000312e800 Exception <a 'java/lang/NullPointerException'> (0x00000000dd1fb480) thrown at [C:\ade\jenkins\workspace\8-2-build-windows-amd64-cygwin\jdk8u241\331\hotspot\src\share\vm\runtime\sharedRuntime.cpp, line 605]
Event: 9.432 Thread 0x000000000312e800 NullPointerException at vtable entry 0x0000000003ae171f
Event: 9.432 Thread 0x000000000312e800 Exception <a 'java/lang/NullPointerException'> (0x00000000dd226a60) thrown at [C:\ade\jenkins\workspace\8-2-build-windows-amd64-cygwin\jdk8u241\331\hotspot\src\share\vm\runtime\sharedRuntime.cpp, line 605]
Event: 9.443 Thread 0x000000000312e800 NullPointerException at vtable entry 0x0000000003ae171f
Event: 9.443 Thread 0x000000000312e800 Exception <a 'java/lang/NullPointerException'> (0x00000000dd3dd588) thrown at [C:\ade\jenkins\workspace\8-2-build-windows-amd64-cygwin\jdk8u241\331\hotspot\src\share\vm\runtime\sharedRuntime.cpp, line 605]
Event: 9.444 Thread 0x000000000312e800 NullPointerException at vtable entry 0x0000000003ae171f
Event: 9.444 Thread 0x000000000312e800 Exception <a 'java/lang/NullPointerException'> (0x00000000dd4013e8) thrown at [C:\ade\jenkins\workspace\8-2-build-windows-amd64-cygwin\jdk8u241\331\hotspot\src\share\vm\runtime\sharedRuntime.cpp, line 605]
Event: 9.445 Thread 0x000000000312e800 NullPointerException at vtable entry 0x0000000003ae171f
Event: 9.445 Thread 0x000000000312e800 Exception <a 'java/lang/NullPointerException'> (0x00000000dd4251b8) thrown at [C:\ade\jenkins\workspace\8-2-build-windows-amd64-cygwin\jdk8u241\331\hotspot\src\share\vm\runtime\sharedRuntime.cpp, line 605]

Events (10 events):
Event: 9.423 Thread 0x000000000312e800 DEOPT PACKING pc=0x000000000443d470 sp=0x00000000035fc9f0
Event: 9.423 Thread 0x000000000312e800 DEOPT UNPACKING pc=0x0000000003747490 sp=0x00000000035fc840 mode 0
Event: 9.429 Thread 0x000000000312e800 DEOPT PACKING pc=0x000000000443d470 sp=0x00000000035fc4e0
Event: 9.429 Thread 0x000000000312e800 DEOPT UNPACKING pc=0x0000000003747490 sp=0x00000000035fc330 mode 0
Event: 9.434 loading class com/sun/tools/javac/code/TypeTag$1
Event: 9.434 loading class com/sun/tools/javac/code/TypeTag$1 done
Event: 9.438 Thread 0x000000000312e800 DEOPT PACKING pc=0x000000000443d470 sp=0x00000000035fc200
Event: 9.438 Thread 0x000000000312e800 DEOPT UNPACKING pc=0x0000000003747490 sp=0x00000000035fc050 mode 0
Event: 9.444 Thread 0x000000000312e800 DEOPT PACKING pc=0x000000000443d470 sp=0x00000000035fc540
Event: 9.444 Thread 0x000000000312e800 DEOPT UNPACKING pc=0x0000000003747490 sp=0x00000000035fc390 mode 0


Dynamic libraries:
0x00007ff6234b0000 - 0x00007ff6234e7000 	D:\Java\jdk1.8.0_241\bin\java.exe
0x00007fff39740000 - 0x00007fff39930000 	C:\WINDOWS\SYSTEM32\ntdll.dll
0x00007fff39040000 - 0x00007fff390f2000 	C:\WINDOWS\System32\KERNEL32.DLL
0x00007fff37240000 - 0x00007fff374e3000 	C:\WINDOWS\System32\KERNELBASE.dll
0x00007fff38f90000 - 0x00007fff39033000 	C:\WINDOWS\System32\ADVAPI32.dll
0x00007fff37eb0000 - 0x00007fff37f4e000 	C:\WINDOWS\System32\msvcrt.dll
0x00007fff38d00000 - 0x00007fff38d97000 	C:\WINDOWS\System32\sechost.dll
0x00007fff38da0000 - 0x00007fff38ec0000 	C:\WINDOWS\System32\RPCRT4.dll
0x00007fff381d0000 - 0x00007fff38364000 	C:\WINDOWS\System32\USER32.dll
0x00007fff37600000 - 0x00007fff37621000 	C:\WINDOWS\System32\win32u.dll
0x00007fff38c00000 - 0x00007fff38c26000 	C:\WINDOWS\System32\GDI32.dll
0x00007fff36920000 - 0x00007fff36ab4000 	C:\WINDOWS\System32\gdi32full.dll
0x00007fff37630000 - 0x00007fff376ce000 	C:\WINDOWS\System32\msvcp_win.dll
0x00007fff376f0000 - 0x00007fff377ea000 	C:\WINDOWS\System32\ucrtbase.dll
0x00007fff275e0000 - 0x00007fff27865000 	C:\WINDOWS\WinSxS\amd64_microsoft.windows.common-controls_6595b64144ccf1df_6.0.18362.720_none_e6beb5c51314836b\COMCTL32.dll
0x00007fff37b70000 - 0x00007fff37ea6000 	C:\WINDOWS\System32\combase.dll
0x00007fff37520000 - 0x00007fff375a0000 	C:\WINDOWS\System32\bcryptPrimitives.dll
0x00007fff383a0000 - 0x00007fff383ce000 	C:\WINDOWS\System32\IMM32.DLL
0x000000005e480000 - 0x000000005e552000 	D:\Java\jdk1.8.0_241\jre\bin\msvcr100.dll
0x000000005bd40000 - 0x000000005c5ec000 	D:\Java\jdk1.8.0_241\jre\bin\server\jvm.dll
0x00007fff38b20000 - 0x00007fff38b28000 	C:\WINDOWS\System32\PSAPI.DLL
0x00007fff2cc90000 - 0x00007fff2ccb4000 	C:\WINDOWS\SYSTEM32\WINMM.dll
0x00007fff2da00000 - 0x00007fff2da0a000 	C:\WINDOWS\SYSTEM32\VERSION.dll
0x00007fff23510000 - 0x00007fff23519000 	C:\WINDOWS\SYSTEM32\WSOCK32.dll
0x00007fff38c30000 - 0x00007fff38c9f000 	C:\WINDOWS\System32\WS2_32.dll
0x00007fff2cc60000 - 0x00007fff2cc8d000 	C:\WINDOWS\SYSTEM32\WINMMBASE.dll
0x00007fff36820000 - 0x00007fff3686a000 	C:\WINDOWS\System32\cfgmgr32.dll
0x00007fff316d0000 - 0x00007fff316df000 	D:\Java\jdk1.8.0_241\jre\bin\verify.dll
0x00007fff2ff50000 - 0x00007fff2ff79000 	D:\Java\jdk1.8.0_241\jre\bin\java.dll
0x00007fff30150000 - 0x00007fff30166000 	D:\Java\jdk1.8.0_241\jre\bin\zip.dll
0x00007fff38430000 - 0x00007fff38b15000 	C:\WINDOWS\System32\SHELL32.dll
0x00007fff380a0000 - 0x00007fff38149000 	C:\WINDOWS\System32\shcore.dll
0x00007fff36ac0000 - 0x00007fff37240000 	C:\WINDOWS\System32\windows.storage.dll
0x00007fff36630000 - 0x00007fff36653000 	C:\WINDOWS\System32\profapi.dll
0x00007fff36680000 - 0x00007fff366ca000 	C:\WINDOWS\System32\powrprof.dll
0x00007fff36600000 - 0x00007fff36610000 	C:\WINDOWS\System32\UMPDC.dll
0x00007fff39100000 - 0x00007fff39152000 	C:\WINDOWS\System32\shlwapi.dll
0x00007fff36660000 - 0x00007fff36671000 	C:\WINDOWS\System32\kernel.appcore.dll
0x00007fff376d0000 - 0x00007fff376e7000 	C:\WINDOWS\System32\cryptsp.dll
0x00007fff31990000 - 0x00007fff3199a000 	D:\my_java\apache-maven-3.5.2\lib\jansi-native\windows64\jansi.dll
0x00007fff30030000 - 0x00007fff3004a000 	D:\Java\jdk1.8.0_241\jre\bin\net.dll
0x00007fff35e10000 - 0x00007fff35e77000 	C:\WINDOWS\system32\mswsock.dll
0x00007fff2fdd0000 - 0x00007fff2fde2000 	D:\Java\jdk1.8.0_241\jre\bin\nio.dll

VM Arguments:
jvm_args: -Dclassworlds.conf=D:\my_java\apache-maven-3.5.2\bin\..\bin\m2.conf -Dmaven.home=D:\my_java\apache-maven-3.5.2\bin\.. -Dlibrary.jansi.path=D:\my_java\apache-maven-3.5.2\bin\..\lib\jansi-native -Dmaven.multiModuleProjectDirectory=D:\IdeaProjects\warehouse2 
java_command: org.codehaus.plexus.classworlds.launcher.Launcher clean package -Dmaven.test.skip=true
java_class_path (initial): D:\my_java\apache-maven-3.5.2\bin\..\boot\plexus-classworlds-2.5.2.jar
Launcher Type: SUN_STANDARD

Environment Variables:
JAVA_HOME=D:\Java\jdk1.8.0_241
PATH=D:\app\Chen\product\11.2.0\dbhome_1\bin;C:\Program Files (x86)\Common Files\Oracle\Java\javapath;D:\oracle\product\10.2.0\db_1\bin;D:\oracle\product\10.2.0\db_4\bin;C:\WINDOWS\system32;C:\WINDOWS;C:\WINDOWS\System32\Wbem;C:\WINDOWS\System32\WindowsPowerShell\v1.0\;C:\WINDOWS\System32\OpenSSH\;D:\Develop\MySQL\bin;C:\Program Files\Intel\WiFi\bin\;C:\Program Files\Common Files\Intel\WirelessCommon\;D:\Git\cmd;D:\my_java\apache-maven-3.5.2\bin;D:\Develop\bin;D:\Java\jdk1.8.0_241\bin;D:\MySQL\MySQL Server 5.7\bin;C:\Users\Chen\AppData\Local\Microsoft\WindowsApps;
USERNAME=Chen
OS=Windows_NT
PROCESSOR_IDENTIFIER=AMD64 Family 23 Model 17 Stepping 0, AuthenticAMD



---------------  S Y S T E M  ---------------

OS: Windows 10.0 , 64 bit Build 18362 (10.0.18362.329)

CPU:total 8 (initial active 8) (8 cores per cpu, 1 threads per core) family 23 model 17 stepping 0, cmov, cx8, fxsr, mmx, sse, sse2, sse3, ssse3, sse4.1, sse4.2, popcnt, avx, avx2, aes, clmul, mmxext, 3dnowpref, lzcnt, sse4a, tsc, tscinvbit, tscinv, bmi1

Memory: 4k page, physical 7239248k(197132k free), swap 17725004k(6072k free)

vm_info: Java HotSpot(TM) 64-Bit Server VM (25.241-b07) for windows-amd64 JRE (1.8.0_241-b07), built on Dec 11 2019 10:21:40 by "rejava" with MS VC++ 10.0 (VS2010)

time: Fri Apr 10 23:00:01 2020
timezone: 中国标准时间
elapsed time: 9 seconds (0d 0h 0m 9s)

